<?xml version="1.0" encoding="UTF-8"?><testrun name="ValidatorTest" project="TiendaTP" tests="26" started="26" failures="2" errors="0" ignored="0">
  <testsuite name="es.rf.tienda.util.ValidatorTest" time="0.28" displayname="ValidatorTest" uniqueid="[engine:junit-jupiter]/[class:es.rf.tienda.util.ValidatorTest]">
    <testcase name="testIsAlfanumeric" classname="es.rf.tienda.util.ValidatorTest" time="0.068" displayname="testIsAlfanumeric()" uniqueid="[engine:junit-jupiter]/[class:es.rf.tienda.util.ValidatorTest]/[method:testIsAlfanumeric()]">
      <failure>
        <expected>true</expected>
        <actual>false</actual>
        org.opentest4j.AssertionFailedError: expected: &lt;true&gt; but was: &lt;false&gt;&#13;
	at org.junit.jupiter.api.AssertionUtils.fail(AssertionUtils.java:55)&#13;
	at org.junit.jupiter.api.AssertTrue.assertTrue(AssertTrue.java:40)&#13;
	at org.junit.jupiter.api.AssertTrue.assertTrue(AssertTrue.java:35)&#13;
	at org.junit.jupiter.api.Assertions.assertTrue(Assertions.java:179)&#13;
	at es.rf.tienda.util.ValidatorTest.testIsAlfanumeric(ValidatorTest.java:43)&#13;
	at java.base/jdk.internal.reflect.NativeMethodAccessorImpl.invoke0(Native Method)&#13;
	at java.base/jdk.internal.reflect.NativeMethodAccessorImpl.invoke(NativeMethodAccessorImpl.java:77)&#13;
	at java.base/jdk.internal.reflect.DelegatingMethodAccessorImpl.invoke(DelegatingMethodAccessorImpl.java:43)&#13;
	at java.base/java.lang.reflect.Method.invoke(Method.java:568)&#13;
	at org.junit.platform.commons.util.ReflectionUtils.invokeMethod(ReflectionUtils.java:725)&#13;
	at org.junit.jupiter.engine.execution.MethodInvocation.proceed(MethodInvocation.java:60)&#13;
	at org.junit.jupiter.engine.execution.InvocationInterceptorChain$ValidatingInvocation.proceed(InvocationInterceptorChain.java:131)&#13;
	at org.junit.jupiter.engine.extension.TimeoutExtension.intercept(TimeoutExtension.java:149)&#13;
	at org.junit.jupiter.engine.extension.TimeoutExtension.interceptTestableMethod(TimeoutExtension.java:140)&#13;
	at org.junit.jupiter.engine.extension.TimeoutExtension.interceptTestMethod(TimeoutExtension.java:84)&#13;
	at org.junit.jupiter.engine.execution.ExecutableInvoker$ReflectiveInterceptorCall.lambda$ofVoidMethod$0(ExecutableInvoker.java:115)&#13;
	at org.junit.jupiter.engine.execution.ExecutableInvoker.lambda$invoke$0(ExecutableInvoker.java:105)&#13;
	at org.junit.jupiter.engine.execution.InvocationInterceptorChain$InterceptedInvocation.proceed(InvocationInterceptorChain.java:106)&#13;
	at org.junit.jupiter.engine.execution.InvocationInterceptorChain.proceed(InvocationInterceptorChain.java:64)&#13;
	at org.junit.jupiter.engine.execution.InvocationInterceptorChain.chainAndInvoke(InvocationInterceptorChain.java:45)&#13;
	at org.junit.jupiter.engine.execution.InvocationInterceptorChain.invoke(InvocationInterceptorChain.java:37)&#13;
	at org.junit.jupiter.engine.execution.ExecutableInvoker.invoke(ExecutableInvoker.java:104)&#13;
	at org.junit.jupiter.engine.execution.ExecutableInvoker.invoke(ExecutableInvoker.java:98)&#13;
	at org.junit.jupiter.engine.descriptor.TestMethodTestDescriptor.lambda$invokeTestMethod$7(TestMethodTestDescriptor.java:214)&#13;
	at org.junit.platform.engine.support.hierarchical.ThrowableCollector.execute(ThrowableCollector.java:73)&#13;
	at org.junit.jupiter.engine.descriptor.TestMethodTestDescriptor.invokeTestMethod(TestMethodTestDescriptor.java:210)&#13;
	at org.junit.jupiter.engine.descriptor.TestMethodTestDescriptor.execute(TestMethodTestDescriptor.java:135)&#13;
	at org.junit.jupiter.engine.descriptor.TestMethodTestDescriptor.execute(TestMethodTestDescriptor.java:66)&#13;
	at org.junit.platform.engine.support.hierarchical.NodeTestTask.lambda$executeRecursively$6(NodeTestTask.java:151)&#13;
	at org.junit.platform.engine.support.hierarchical.ThrowableCollector.execute(ThrowableCollector.java:73)&#13;
	at org.junit.platform.engine.support.hierarchical.NodeTestTask.lambda$executeRecursively$8(NodeTestTask.java:141)&#13;
	at org.junit.platform.engine.support.hierarchical.Node.around(Node.java:137)&#13;
	at org.junit.platform.engine.support.hierarchical.NodeTestTask.lambda$executeRecursively$9(NodeTestTask.java:139)&#13;
	at org.junit.platform.engine.support.hierarchical.ThrowableCollector.execute(ThrowableCollector.java:73)&#13;
	at org.junit.platform.engine.support.hierarchical.NodeTestTask.executeRecursively(NodeTestTask.java:138)&#13;
	at org.junit.platform.engine.support.hierarchical.NodeTestTask.execute(NodeTestTask.java:95)&#13;
	at java.base/java.util.ArrayList.forEach(ArrayList.java:1511)&#13;
	at org.junit.platform.engine.support.hierarchical.SameThreadHierarchicalTestExecutorService.invokeAll(SameThreadHierarchicalTestExecutorService.java:41)&#13;
	at org.junit.platform.engine.support.hierarchical.NodeTestTask.lambda$executeRecursively$6(NodeTestTask.java:155)&#13;
	at org.junit.platform.engine.support.hierarchical.ThrowableCollector.execute(ThrowableCollector.java:73)&#13;
	at org.junit.platform.engine.support.hierarchical.NodeTestTask.lambda$executeRecursively$8(NodeTestTask.java:141)&#13;
	at org.junit.platform.engine.support.hierarchical.Node.around(Node.java:137)&#13;
	at org.junit.platform.engine.support.hierarchical.NodeTestTask.lambda$executeRecursively$9(NodeTestTask.java:139)&#13;
	at org.junit.platform.engine.support.hierarchical.ThrowableCollector.execute(ThrowableCollector.java:73)&#13;
	at org.junit.platform.engine.support.hierarchical.NodeTestTask.executeRecursively(NodeTestTask.java:138)&#13;
	at org.junit.platform.engine.support.hierarchical.NodeTestTask.execute(NodeTestTask.java:95)&#13;
	at java.base/java.util.ArrayList.forEach(ArrayList.java:1511)&#13;
	at org.junit.platform.engine.support.hierarchical.SameThreadHierarchicalTestExecutorService.invokeAll(SameThreadHierarchicalTestExecutorService.java:41)&#13;
	at org.junit.platform.engine.support.hierarchical.NodeTestTask.lambda$executeRecursively$6(NodeTestTask.java:155)&#13;
	at org.junit.platform.engine.support.hierarchical.ThrowableCollector.execute(ThrowableCollector.java:73)&#13;
	at org.junit.platform.engine.support.hierarchical.NodeTestTask.lambda$executeRecursively$8(NodeTestTask.java:141)&#13;
	at org.junit.platform.engine.support.hierarchical.Node.around(Node.java:137)&#13;
	at org.junit.platform.engine.support.hierarchical.NodeTestTask.lambda$executeRecursively$9(NodeTestTask.java:139)&#13;
	at org.junit.platform.engine.support.hierarchical.ThrowableCollector.execute(ThrowableCollector.java:73)&#13;
	at org.junit.platform.engine.support.hierarchical.NodeTestTask.executeRecursively(NodeTestTask.java:138)&#13;
	at org.junit.platform.engine.support.hierarchical.NodeTestTask.execute(NodeTestTask.java:95)&#13;
	at org.junit.platform.engine.support.hierarchical.SameThreadHierarchicalTestExecutorService.submit(SameThreadHierarchicalTestExecutorService.java:35)&#13;
	at org.junit.platform.engine.support.hierarchical.HierarchicalTestExecutor.execute(HierarchicalTestExecutor.java:57)&#13;
	at org.junit.platform.engine.support.hierarchical.HierarchicalTestEngine.execute(HierarchicalTestEngine.java:54)&#13;
	at org.junit.platform.launcher.core.EngineExecutionOrchestrator.execute(EngineExecutionOrchestrator.java:107)&#13;
	at org.junit.platform.launcher.core.EngineExecutionOrchestrator.execute(EngineExecutionOrchestrator.java:88)&#13;
	at org.junit.platform.launcher.core.EngineExecutionOrchestrator.lambda$execute$0(EngineExecutionOrchestrator.java:54)&#13;
	at org.junit.platform.launcher.core.EngineExecutionOrchestrator.withInterceptedStreams(EngineExecutionOrchestrator.java:67)&#13;
	at org.junit.platform.launcher.core.EngineExecutionOrchestrator.execute(EngineExecutionOrchestrator.java:52)&#13;
	at org.junit.platform.launcher.core.DefaultLauncher.execute(DefaultLauncher.java:114)&#13;
	at org.junit.platform.launcher.core.DefaultLauncher.execute(DefaultLauncher.java:95)&#13;
	at org.junit.platform.launcher.core.DefaultLauncherSession$DelegatingLauncher.execute(DefaultLauncherSession.java:91)&#13;
	at org.junit.platform.launcher.core.SessionPerRequestLauncher.execute(SessionPerRequestLauncher.java:60)&#13;
	at org.eclipse.jdt.internal.junit5.runner.JUnit5TestReference.run(JUnit5TestReference.java:98)&#13;
	at org.eclipse.jdt.internal.junit.runner.TestExecution.run(TestExecution.java:40)&#13;
	at org.eclipse.jdt.internal.junit.runner.RemoteTestRunner.runTests(RemoteTestRunner.java:529)&#13;
	at org.eclipse.jdt.internal.junit.runner.RemoteTestRunner.runTests(RemoteTestRunner.java:756)&#13;
	at org.eclipse.jdt.internal.junit.runner.RemoteTestRunner.run(RemoteTestRunner.java:452)&#13;
	at org.eclipse.jdt.internal.junit.runner.RemoteTestRunner.main(RemoteTestRunner.java:210)&#13;
&#13;

      </failure>
    </testcase>
    <testcase name="testCumpleLongitud" classname="es.rf.tienda.util.ValidatorTest" time="0.0" displayname="testCumpleLongitud()" uniqueid="[engine:junit-jupiter]/[class:es.rf.tienda.util.ValidatorTest]/[method:testCumpleLongitud()]"/>
    <testcase name="testIsEmailValido" classname="es.rf.tienda.util.ValidatorTest" time="0.0" displayname="testIsEmailValido()" uniqueid="[engine:junit-jupiter]/[class:es.rf.tienda.util.ValidatorTest]/[method:testIsEmailValido()]"/>
    <testcase name="testNotifyAll" classname="es.rf.tienda.util.ValidatorTest" time="0.0" displayname="testNotifyAll()" uniqueid="[engine:junit-jupiter]/[class:es.rf.tienda.util.ValidatorTest]/[method:testNotifyAll()]"/>
    <testcase name="testCumplePhoneNumber" classname="es.rf.tienda.util.ValidatorTest" time="0.019" displayname="testCumplePhoneNumber()" uniqueid="[engine:junit-jupiter]/[class:es.rf.tienda.util.ValidatorTest]/[method:testCumplePhoneNumber()]"/>
    <testcase name="testCumpleLongitudMax" classname="es.rf.tienda.util.ValidatorTest" time="0.001" displayname="testCumpleLongitudMax()" uniqueid="[engine:junit-jupiter]/[class:es.rf.tienda.util.ValidatorTest]/[method:testCumpleLongitudMax()]"/>
    <testcase name="testCumpleLongitudMin" classname="es.rf.tienda.util.ValidatorTest" time="0.004" displayname="testCumpleLongitudMin()" uniqueid="[engine:junit-jupiter]/[class:es.rf.tienda.util.ValidatorTest]/[method:testCumpleLongitudMin()]"/>
    <testcase name="testCumpleRangoDoubleIntInt" classname="es.rf.tienda.util.ValidatorTest" time="0.0" displayname="testCumpleRangoDoubleIntInt()" uniqueid="[engine:junit-jupiter]/[class:es.rf.tienda.util.ValidatorTest]/[method:testCumpleRangoDoubleIntInt()]"/>
    <testcase name="testGetClass" classname="es.rf.tienda.util.ValidatorTest" time="0.009" displayname="testGetClass()" uniqueid="[engine:junit-jupiter]/[class:es.rf.tienda.util.ValidatorTest]/[method:testGetClass()]"/>
    <testcase name="testClone" classname="es.rf.tienda.util.ValidatorTest" time="0.001" displayname="testClone()" uniqueid="[engine:junit-jupiter]/[class:es.rf.tienda.util.ValidatorTest]/[method:testClone()]"/>
    <testcase name="testWait" classname="es.rf.tienda.util.ValidatorTest" time="0.001" displayname="testWait()" uniqueid="[engine:junit-jupiter]/[class:es.rf.tienda.util.ValidatorTest]/[method:testWait()]"/>
    <testcase name="testToString" classname="es.rf.tienda.util.ValidatorTest" time="0.001" displayname="testToString()" uniqueid="[engine:junit-jupiter]/[class:es.rf.tienda.util.ValidatorTest]/[method:testToString()]"/>
    <testcase name="testEsPasswordValida" classname="es.rf.tienda.util.ValidatorTest" time="0.0" displayname="testEsPasswordValida()" uniqueid="[engine:junit-jupiter]/[class:es.rf.tienda.util.ValidatorTest]/[method:testEsPasswordValida()]"/>
    <testcase name="testWaitLongInt" classname="es.rf.tienda.util.ValidatorTest" time="0.001" displayname="testWaitLongInt()" uniqueid="[engine:junit-jupiter]/[class:es.rf.tienda.util.ValidatorTest]/[method:testWaitLongInt()]"/>
    <testcase name="testFinalize" classname="es.rf.tienda.util.ValidatorTest" time="0.0" displayname="testFinalize()" uniqueid="[engine:junit-jupiter]/[class:es.rf.tienda.util.ValidatorTest]/[method:testFinalize()]"/>
    <testcase name="testCumpleRangoIntIntInt" classname="es.rf.tienda.util.ValidatorTest" time="0.001" displayname="testCumpleRangoIntIntInt()" uniqueid="[engine:junit-jupiter]/[class:es.rf.tienda.util.ValidatorTest]/[method:testCumpleRangoIntIntInt()]"/>
    <testcase name="testValDateMax" classname="es.rf.tienda.util.ValidatorTest" time="0.007" displayname="testValDateMax()" uniqueid="[engine:junit-jupiter]/[class:es.rf.tienda.util.ValidatorTest]/[method:testValDateMax()]"/>
    <testcase name="testValDateMin" classname="es.rf.tienda.util.ValidatorTest" time="0.001" displayname="testValDateMin()" uniqueid="[engine:junit-jupiter]/[class:es.rf.tienda.util.ValidatorTest]/[method:testValDateMin()]"/>
    <testcase name="testHashCode" classname="es.rf.tienda.util.ValidatorTest" time="0.001" displayname="testHashCode()" uniqueid="[engine:junit-jupiter]/[class:es.rf.tienda.util.ValidatorTest]/[method:testHashCode()]"/>
    <testcase name="testWaitLong" classname="es.rf.tienda.util.ValidatorTest" time="0.001" displayname="testWaitLong()" uniqueid="[engine:junit-jupiter]/[class:es.rf.tienda.util.ValidatorTest]/[method:testWaitLong()]"/>
    <testcase name="testCumpleDNI" classname="es.rf.tienda.util.ValidatorTest" time="0.06" displayname="testCumpleDNI()" uniqueid="[engine:junit-jupiter]/[class:es.rf.tienda.util.ValidatorTest]/[method:testCumpleDNI()]">
      <failure>
        <expected>true

</expected>
        <actual>false

</actual>
        org.opentest4j.MultipleFailuresError: Multiple Failures (1 failure)&#13;
	org.opentest4j.AssertionFailedError: expected: &lt;true&gt; but was: &lt;false&gt;&#13;
	at org.junit.jupiter.api.AssertAll.assertAll(AssertAll.java:80)&#13;
	at org.junit.jupiter.api.AssertAll.assertAll(AssertAll.java:44)&#13;
	at org.junit.jupiter.api.AssertAll.assertAll(AssertAll.java:38)&#13;
	at org.junit.jupiter.api.Assertions.assertAll(Assertions.java:2911)&#13;
	at es.rf.tienda.util.ValidatorTest.testCumpleDNI(ValidatorTest.java:67)&#13;
	at java.base/jdk.internal.reflect.NativeMethodAccessorImpl.invoke0(Native Method)&#13;
	at java.base/jdk.internal.reflect.NativeMethodAccessorImpl.invoke(NativeMethodAccessorImpl.java:77)&#13;
	at java.base/jdk.internal.reflect.DelegatingMethodAccessorImpl.invoke(DelegatingMethodAccessorImpl.java:43)&#13;
	at java.base/java.lang.reflect.Method.invoke(Method.java:568)&#13;
	at org.junit.platform.commons.util.ReflectionUtils.invokeMethod(ReflectionUtils.java:725)&#13;
	at org.junit.jupiter.engine.execution.MethodInvocation.proceed(MethodInvocation.java:60)&#13;
	at org.junit.jupiter.engine.execution.InvocationInterceptorChain$ValidatingInvocation.proceed(InvocationInterceptorChain.java:131)&#13;
	at org.junit.jupiter.engine.extension.TimeoutExtension.intercept(TimeoutExtension.java:149)&#13;
	at org.junit.jupiter.engine.extension.TimeoutExtension.interceptTestableMethod(TimeoutExtension.java:140)&#13;
	at org.junit.jupiter.engine.extension.TimeoutExtension.interceptTestMethod(TimeoutExtension.java:84)&#13;
	at org.junit.jupiter.engine.execution.ExecutableInvoker$ReflectiveInterceptorCall.lambda$ofVoidMethod$0(ExecutableInvoker.java:115)&#13;
	at org.junit.jupiter.engine.execution.ExecutableInvoker.lambda$invoke$0(ExecutableInvoker.java:105)&#13;
	at org.junit.jupiter.engine.execution.InvocationInterceptorChain$InterceptedInvocation.proceed(InvocationInterceptorChain.java:106)&#13;
	at org.junit.jupiter.engine.execution.InvocationInterceptorChain.proceed(InvocationInterceptorChain.java:64)&#13;
	at org.junit.jupiter.engine.execution.InvocationInterceptorChain.chainAndInvoke(InvocationInterceptorChain.java:45)&#13;
	at org.junit.jupiter.engine.execution.InvocationInterceptorChain.invoke(InvocationInterceptorChain.java:37)&#13;
	at org.junit.jupiter.engine.execution.ExecutableInvoker.invoke(ExecutableInvoker.java:104)&#13;
	at org.junit.jupiter.engine.execution.ExecutableInvoker.invoke(ExecutableInvoker.java:98)&#13;
	at org.junit.jupiter.engine.descriptor.TestMethodTestDescriptor.lambda$invokeTestMethod$7(TestMethodTestDescriptor.java:214)&#13;
	at org.junit.platform.engine.support.hierarchical.ThrowableCollector.execute(ThrowableCollector.java:73)&#13;
	at org.junit.jupiter.engine.descriptor.TestMethodTestDescriptor.invokeTestMethod(TestMethodTestDescriptor.java:210)&#13;
	at org.junit.jupiter.engine.descriptor.TestMethodTestDescriptor.execute(TestMethodTestDescriptor.java:135)&#13;
	at org.junit.jupiter.engine.descriptor.TestMethodTestDescriptor.execute(TestMethodTestDescriptor.java:66)&#13;
	at org.junit.platform.engine.support.hierarchical.NodeTestTask.lambda$executeRecursively$6(NodeTestTask.java:151)&#13;
	at org.junit.platform.engine.support.hierarchical.ThrowableCollector.execute(ThrowableCollector.java:73)&#13;
	at org.junit.platform.engine.support.hierarchical.NodeTestTask.lambda$executeRecursively$8(NodeTestTask.java:141)&#13;
	at org.junit.platform.engine.support.hierarchical.Node.around(Node.java:137)&#13;
	at org.junit.platform.engine.support.hierarchical.NodeTestTask.lambda$executeRecursively$9(NodeTestTask.java:139)&#13;
	at org.junit.platform.engine.support.hierarchical.ThrowableCollector.execute(ThrowableCollector.java:73)&#13;
	at org.junit.platform.engine.support.hierarchical.NodeTestTask.executeRecursively(NodeTestTask.java:138)&#13;
	at org.junit.platform.engine.support.hierarchical.NodeTestTask.execute(NodeTestTask.java:95)&#13;
	at java.base/java.util.ArrayList.forEach(ArrayList.java:1511)&#13;
	at org.junit.platform.engine.support.hierarchical.SameThreadHierarchicalTestExecutorService.invokeAll(SameThreadHierarchicalTestExecutorService.java:41)&#13;
	at org.junit.platform.engine.support.hierarchical.NodeTestTask.lambda$executeRecursively$6(NodeTestTask.java:155)&#13;
	at org.junit.platform.engine.support.hierarchical.ThrowableCollector.execute(ThrowableCollector.java:73)&#13;
	at org.junit.platform.engine.support.hierarchical.NodeTestTask.lambda$executeRecursively$8(NodeTestTask.java:141)&#13;
	at org.junit.platform.engine.support.hierarchical.Node.around(Node.java:137)&#13;
	at org.junit.platform.engine.support.hierarchical.NodeTestTask.lambda$executeRecursively$9(NodeTestTask.java:139)&#13;
	at org.junit.platform.engine.support.hierarchical.ThrowableCollector.execute(ThrowableCollector.java:73)&#13;
	at org.junit.platform.engine.support.hierarchical.NodeTestTask.executeRecursively(NodeTestTask.java:138)&#13;
	at org.junit.platform.engine.support.hierarchical.NodeTestTask.execute(NodeTestTask.java:95)&#13;
	at java.base/java.util.ArrayList.forEach(ArrayList.java:1511)&#13;
	at org.junit.platform.engine.support.hierarchical.SameThreadHierarchicalTestExecutorService.invokeAll(SameThreadHierarchicalTestExecutorService.java:41)&#13;
	at org.junit.platform.engine.support.hierarchical.NodeTestTask.lambda$executeRecursively$6(NodeTestTask.java:155)&#13;
	at org.junit.platform.engine.support.hierarchical.ThrowableCollector.execute(ThrowableCollector.java:73)&#13;
	at org.junit.platform.engine.support.hierarchical.NodeTestTask.lambda$executeRecursively$8(NodeTestTask.java:141)&#13;
	at org.junit.platform.engine.support.hierarchical.Node.around(Node.java:137)&#13;
	at org.junit.platform.engine.support.hierarchical.NodeTestTask.lambda$executeRecursively$9(NodeTestTask.java:139)&#13;
	at org.junit.platform.engine.support.hierarchical.ThrowableCollector.execute(ThrowableCollector.java:73)&#13;
	at org.junit.platform.engine.support.hierarchical.NodeTestTask.executeRecursively(NodeTestTask.java:138)&#13;
	at org.junit.platform.engine.support.hierarchical.NodeTestTask.execute(NodeTestTask.java:95)&#13;
	at org.junit.platform.engine.support.hierarchical.SameThreadHierarchicalTestExecutorService.submit(SameThreadHierarchicalTestExecutorService.java:35)&#13;
	at org.junit.platform.engine.support.hierarchical.HierarchicalTestExecutor.execute(HierarchicalTestExecutor.java:57)&#13;
	at org.junit.platform.engine.support.hierarchical.HierarchicalTestEngine.execute(HierarchicalTestEngine.java:54)&#13;
	at org.junit.platform.launcher.core.EngineExecutionOrchestrator.execute(EngineExecutionOrchestrator.java:107)&#13;
	at org.junit.platform.launcher.core.EngineExecutionOrchestrator.execute(EngineExecutionOrchestrator.java:88)&#13;
	at org.junit.platform.launcher.core.EngineExecutionOrchestrator.lambda$execute$0(EngineExecutionOrchestrator.java:54)&#13;
	at org.junit.platform.launcher.core.EngineExecutionOrchestrator.withInterceptedStreams(EngineExecutionOrchestrator.java:67)&#13;
	at org.junit.platform.launcher.core.EngineExecutionOrchestrator.execute(EngineExecutionOrchestrator.java:52)&#13;
	at org.junit.platform.launcher.core.DefaultLauncher.execute(DefaultLauncher.java:114)&#13;
	at org.junit.platform.launcher.core.DefaultLauncher.execute(DefaultLauncher.java:95)&#13;
	at org.junit.platform.launcher.core.DefaultLauncherSession$DelegatingLauncher.execute(DefaultLauncherSession.java:91)&#13;
	at org.junit.platform.launcher.core.SessionPerRequestLauncher.execute(SessionPerRequestLauncher.java:60)&#13;
	at org.eclipse.jdt.internal.junit5.runner.JUnit5TestReference.run(JUnit5TestReference.java:98)&#13;
	at org.eclipse.jdt.internal.junit.runner.TestExecution.run(TestExecution.java:40)&#13;
	at org.eclipse.jdt.internal.junit.runner.RemoteTestRunner.runTests(RemoteTestRunner.java:529)&#13;
	at org.eclipse.jdt.internal.junit.runner.RemoteTestRunner.runTests(RemoteTestRunner.java:756)&#13;
	at org.eclipse.jdt.internal.junit.runner.RemoteTestRunner.run(RemoteTestRunner.java:452)&#13;
	at org.eclipse.jdt.internal.junit.runner.RemoteTestRunner.main(RemoteTestRunner.java:210)&#13;
	Suppressed: org.opentest4j.AssertionFailedError: expected: &lt;true&gt; but was: &lt;false&gt;&#13;
		at org.junit.jupiter.api.AssertionUtils.fail(AssertionUtils.java:55)&#13;
		at org.junit.jupiter.api.AssertTrue.assertTrue(AssertTrue.java:40)&#13;
		at org.junit.jupiter.api.AssertTrue.assertTrue(AssertTrue.java:35)&#13;
		at org.junit.jupiter.api.Assertions.assertTrue(Assertions.java:179)&#13;
		at es.rf.tienda.util.ValidatorTest.lambda$2(ValidatorTest.java:68)&#13;
		at org.junit.jupiter.api.AssertAll.lambda$assertAll$0(AssertAll.java:68)&#13;
		at java.base/java.util.stream.ReferencePipeline$3$1.accept(ReferencePipeline.java:197)&#13;
		at java.base/java.util.Spliterators$ArraySpliterator.forEachRemaining(Spliterators.java:992)&#13;
		at java.base/java.util.stream.AbstractPipeline.copyInto(AbstractPipeline.java:509)&#13;
		at java.base/java.util.stream.AbstractPipeline.wrapAndCopyInto(AbstractPipeline.java:499)&#13;
		at java.base/java.util.stream.ReduceOps$ReduceOp.evaluateSequential(ReduceOps.java:921)&#13;
		at java.base/java.util.stream.AbstractPipeline.evaluate(AbstractPipeline.java:234)&#13;
		at java.base/java.util.stream.ReferencePipeline.collect(ReferencePipeline.java:682)&#13;
		at org.junit.jupiter.api.AssertAll.assertAll(AssertAll.java:77)&#13;
		... 73 more&#13;
&#13;

      </failure>
    </testcase>
    <testcase name="testEsFechaValida" classname="es.rf.tienda.util.ValidatorTest" time="0.006" displayname="testEsFechaValida()" uniqueid="[engine:junit-jupiter]/[class:es.rf.tienda.util.ValidatorTest]/[method:testEsFechaValida()]"/>
    <testcase name="testEquals" classname="es.rf.tienda.util.ValidatorTest" time="0.0" displayname="testEquals()" uniqueid="[engine:junit-jupiter]/[class:es.rf.tienda.util.ValidatorTest]/[method:testEquals()]"/>
    <testcase name="testNotify" classname="es.rf.tienda.util.ValidatorTest" time="0.001" displayname="testNotify()" uniqueid="[engine:junit-jupiter]/[class:es.rf.tienda.util.ValidatorTest]/[method:testNotify()]"/>
    <testcase name="testObject" classname="es.rf.tienda.util.ValidatorTest" time="0.0" displayname="testObject()" uniqueid="[engine:junit-jupiter]/[class:es.rf.tienda.util.ValidatorTest]/[method:testObject()]"/>
    <testcase name="testIsVacio" classname="es.rf.tienda.util.ValidatorTest" time="0.015" displayname="testIsVacio()" uniqueid="[engine:junit-jupiter]/[class:es.rf.tienda.util.ValidatorTest]/[method:testIsVacio()]"/>
  </testsuite>
</testrun>
